<?xml version="1.0" encoding="UTF-8"?>
<!-- Generated by org.testng.reporters.JUnitXMLReporter -->
<testsuite hostname="IND-CHN-LT12290" name="Test cases" tests="5" failures="0" timestamp="28 Apr 2022 06:05:52 GMT" time="39.948" errors="0">
  <testcase name="LoginSmartbear" time="8.926" classname="testCase.SmokeTest"/>
  <testcase name="OrderSmartbear" time="19.626" classname="testCase.SmokeTest"/>
  <testcase name="VerifyOrderSmartbear" time="0.966" classname="testCase.SmokeTest"/>
  <testcase name="DeleteOrderSmartbear" time="0.295" classname="testCase.SmokeTest"/>
  <testcase name="LogoutSmartbear" time="2.656" classname="testCase.SmokeTest"/>
</testsuite> <!-- Test cases -->
