<?xml version="1.0" encoding="UTF-8"?>
<testng-results skipped="0" failed="0" total="5" passed="5">
  <reporter-output>
  </reporter-output>
  <suite name="Test Suite" duration-ms="39948" started-at="2022-04-28T06:05:12Z" finished-at="2022-04-28T06:05:52Z">
    <groups>
    </groups>
    <test name="Test cases" duration-ms="39948" started-at="2022-04-28T06:05:12Z" finished-at="2022-04-28T06:05:52Z">
      <class name="testCase.SmokeTest">
        <test-method status="PASS" signature="LaunchBrowser()[pri:0, instance:testCase.SmokeTest@643b1d11]" name="LaunchBrowser" is-config="true" duration-ms="7438" started-at="2022-04-28T11:35:12Z" finished-at="2022-04-28T11:35:19Z">
          <reporter-output>
          </reporter-output>
        </test-method> <!-- LaunchBrowser -->
        <test-method status="PASS" signature="LoginSmartbear()[pri:0, instance:testCase.SmokeTest@643b1d11]" name="LoginSmartbear" duration-ms="8926" started-at="2022-04-28T11:35:19Z" finished-at="2022-04-28T11:35:28Z">
          <reporter-output>
          </reporter-output>
        </test-method> <!-- LoginSmartbear -->
        <test-method status="PASS" signature="OrderSmartbear()[pri:1, instance:testCase.SmokeTest@643b1d11]" name="OrderSmartbear" duration-ms="19626" started-at="2022-04-28T11:35:28Z" finished-at="2022-04-28T11:35:48Z">
          <reporter-output>
          </reporter-output>
        </test-method> <!-- OrderSmartbear -->
        <test-method status="PASS" signature="VerifyOrderSmartbear()[pri:2, instance:testCase.SmokeTest@643b1d11]" name="VerifyOrderSmartbear" duration-ms="966" started-at="2022-04-28T11:35:48Z" finished-at="2022-04-28T11:35:49Z">
          <reporter-output>
          </reporter-output>
        </test-method> <!-- VerifyOrderSmartbear -->
        <test-method status="PASS" signature="DeleteOrderSmartbear()[pri:3, instance:testCase.SmokeTest@643b1d11]" name="DeleteOrderSmartbear" duration-ms="295" started-at="2022-04-28T11:35:49Z" finished-at="2022-04-28T11:35:49Z">
          <reporter-output>
          </reporter-output>
        </test-method> <!-- DeleteOrderSmartbear -->
        <test-method status="PASS" signature="LogoutSmartbear()[pri:4, instance:testCase.SmokeTest@643b1d11]" name="LogoutSmartbear" duration-ms="2656" started-at="2022-04-28T11:35:49Z" finished-at="2022-04-28T11:35:52Z">
          <reporter-output>
          </reporter-output>
        </test-method> <!-- LogoutSmartbear -->
        <test-method status="PASS" signature="CloseDriver()[pri:0, instance:testCase.SmokeTest@643b1d11]" name="CloseDriver" is-config="true" duration-ms="0" started-at="2022-04-28T11:35:52Z" finished-at="2022-04-28T11:35:52Z">
          <reporter-output>
          </reporter-output>
        </test-method> <!-- CloseDriver -->
      </class> <!-- testCase.SmokeTest -->
    </test> <!-- Test cases -->
  </suite> <!-- Test Suite -->
</testng-results>
